Arguments: 
  /home/claiton/.nvm/versions/node/v14.15.0/bin/node /home/claiton/.nvm/versions/node/v14.15.0/bin/yarn publish

PATH: 
  /home/claiton/.zinit/polaris/bin:/home/claiton/.nvm/versions/node/v14.15.0/bin:/usr/local/sbin:/usr/local/bin:/usr/sbin:/usr/bin:/sbin:/bin:/usr/games:/usr/local/games:/snap/bin:/snap/bin

Yarn version: 
  1.22.10

Node version: 
  14.15.0

Platform: 
  linux x64

Trace: 
  Error: https://registry.yarnpkg.com/-/user/org.couchdb.user:claitonbarreto: failed to authenticate: Could not authenticate claitonbarreto: bad password
      at Request.params.callback [as _callback] (/home/claiton/.nvm/versions/node/v14.15.0/lib/node_modules/yarn/lib/cli.js:66988:18)
      at Request.self.callback (/home/claiton/.nvm/versions/node/v14.15.0/lib/node_modules/yarn/lib/cli.js:140662:22)
      at Request.emit (events.js:315:20)
      at Request.<anonymous> (/home/claiton/.nvm/versions/node/v14.15.0/lib/node_modules/yarn/lib/cli.js:141634:10)
      at Request.emit (events.js:315:20)
      at IncomingMessage.<anonymous> (/home/claiton/.nvm/versions/node/v14.15.0/lib/node_modules/yarn/lib/cli.js:141556:12)
      at Object.onceWrapper (events.js:421:28)
      at IncomingMessage.emit (events.js:327:22)
      at endReadableNT (_stream_readable.js:1327:12)
      at processTicksAndRejections (internal/process/task_queues.js:80:21)

npm manifest: 
  {
    "name": "mini-expressjs",
    "version": "0.0.1",
    "main": "src/index.js",
    "repository": "https://github.com/ClaitonBarreto/mini-expressjs.git",
    "author": "claitonbarreto <claitonbarreto@gmail.com>",
    "license": "MIT"
  }

yarn manifest: 
  No manifest

Lockfile: 
  No lockfile
